<?xml version="1.0" encoding="UTF-8"?>
<!-- Generated by org.testng.reporters.JUnitReportReporter -->
<testsuite hostname="DESKTOP-896EQCN" failures="0" tests="5" name="BanksendAmountTest" time="0.073" errors="0" timestamp="2022-05-14T15:27:31 IST" skipped="0">
  <testcase classname="BanksendAmountTest" name="sendAmount" time="0.007"/>
  <system-out/>
  <testcase classname="BanksendAmountTest" name="sendAmount" time="0.007"/>
  <system-out/>
  <testcase classname="BanksendAmountTest" name="sendAmount" time="0.038"/>
  <system-out/>
  <testcase classname="BanksendAmountTest" name="sendAmount" time="0.011"/>
  <system-out/>
  <testcase classname="BanksendAmountTest" name="sendAmount" time="0.010"/>
  <system-out/>
</testsuite> <!-- BanksendAmountTest -->
