<?xml version="1.0" encoding="UTF-8"?>
<!-- Generated by org.testng.reporters.JUnitReportReporter -->
<testsuite hostname="DESKTOP-896EQCN" failures="0" tests="3" name="com.Vtiger.generic.Customer" time="0.047" errors="0" timestamp="2022-05-14T13:23:10 IST" skipped="0">
  <testcase classname="com.Vtiger.generic.Customer" name="deleteCustomerTest" time="0.033"/>
  <system-out/>
  <testcase classname="com.Vtiger.generic.Customer" name="ModifyCustomerTest" time="0.007"/>
  <system-out/>
  <testcase classname="com.Vtiger.generic.Customer" name="createCustomerTest" time="0.007"/>
  <system-out/>
</testsuite> <!-- com.Vtiger.generic.Customer -->
